2014-11-04 18:43:42,282 Skipping mht file: http://sage.ecr.gov:80/pdf/IntroECR.mht
2014-11-04 18:43:42,283 Skipping mht file: http://www.med.uscourts.gov:80/ecf/usermanual.mht
2014-11-04 18:43:42,283 Skipping mht file: http://www.schools.utah.gov:80/curr/STAR/ppt/STAR.mht
2014-11-04 18:43:42,284 Skipping mht file: http://www.ecy.wa.gov:80/programs/spills/prevention/transrule/Oil%20Transfer%20Studya.mht
2014-11-04 18:43:42,284 Skipping mht file: http://health.nashville.gov:80/web%20docs/ResultsMatterProgramPurpose.mht
2014-11-04 18:43:42,285 Skipping mht file: http://www.itsdocs.fhwa.dot.gov:80/speeches/madridvii2003.mht
2014-11-04 18:43:42,286 Skipping mht file: http://www.its.dot.gov:80/speeches/madridvii2003.mht
2014-11-04 18:43:42,287 Skipping mht file: http://www.faa.gov:80/safeflight21/Programs/ss-image.mht
2014-11-04 18:43:42,300 Skipping mht file: http://www.faa.gov:80/and/and500/510/Programs/ss-image.mht
2014-11-04 18:43:42,301 Skipping mht file: http://www.med.uscourts.gov:80/ecf/usermanual.mht
2014-11-04 18:43:42,301 Skipping mht file: http://bphc.hrsa.gov:80/nhdp/images/history/NHDP_MUSEUM_NEW/Exhibits_Museum/STANLEY_STEIN_W_TXT.mht
2014-11-04 18:43:42,316 Skipping mht file: http://www.ecy.wa.gov:80/programs/spills/preparedness/transrule/Oil%20Transfer%20Studya.mht
2014-11-04 18:43:42,316 Skipping mht file: http://www.cbrx.il.gov:80/aging/1aboutidoa/budget_fy06.mht
2014-11-04 18:55:08,594 Skipping mht file: http://www-drendel.fnal.gov/meetings/Integration/LuminosityPredictor/previous%20tool/Store%204628%20-%201153e30.mht
2014-11-04 18:55:08,595 Skipping mht file: http://www-drendel.fnal.gov/meetings/Integration/LuminosityPredictor/previous%20tool/Store%204228%20-%201153e30.mht
2014-11-04 18:55:08,596 Skipping mht file: http://www-drendel.fnal.gov/meetings/Integration/LuminosityPredictor/previous%20tool/Store%204623%20-%2099.47e30.mht
2014-11-04 18:55:08,596 Skipping mht file: http://www-drendel.fnal.gov/meetings/Integration/LuminosityPredictor/previous%20tool/Luminosity%20Predictor%20Excel%20Spreadsheet.mht
2014-11-04 18:55:08,597 Skipping mht file: http://www-drendel.fnal.gov/meetings/Integration/LuminosityPredictor/previous%20tool/Store%204618%20-%201106e30.mht
2014-11-04 18:55:08,597 Skipping mht file: http://www-drendel.fnal.gov/meetings/Integration/LuminosityPredictor/previous%20tool/Store%204631%20-%20726e30.mht
2014-11-04 18:55:08,598 Skipping mht file: http://www-drendel.fnal.gov/meetings/Integration/LuminosityPredictor/previous%20tool/Store%204627-%20857e30.mht
2014-11-04 18:55:08,598 Skipping mht file: http://www-drendel.fnal.gov/meetings/Integration/LuminosityPredictor/previous%20tool/Store%204621%20-%206795e30.mht
2014-11-04 18:55:08,598 Skipping mht file: http://www.grrec.ky.gov/sss.mht
2014-11-04 18:55:08,598 Skipping mht file: http://www.placer.ca.gov/upload/images/2003%20annual%20crop%20report.mht
2014-11-04 18:55:08,599 Skipping mht file: http://www.webbcountytx.gov/Sheriff/Weed_and_Seed_Spanish_Newsletter.mht
2014-11-04 18:55:08,619 Skipping mht file: http://www.ars.usda.gov/SP2UserFiles/Place/19000000/SHE/EMSManuel.mht
2014-11-04 18:55:08,622 Skipping mht file: http://energycommerce.house.gov/cmte_mtgs/GAO-Depleted%20uranium%20cylinder%20pictures.mht
2014-11-04 18:58:16,639 Skipping mht file: http://www.tempe.gov/historicpres/RooseveltAddition.mht
2014-11-04 18:58:16,640 Skipping mht file: http://www.metrokc.gov/kcscc/E-FilingDocument_08-08-25_webpage.mht
2014-11-04 18:58:16,640 Skipping mht file: http://ffas.usda.gov/icd/drd/CADI/CADiPresentation.mht
2014-11-04 18:59:45,093 Skipping mht file: http://www.in.gov/dot/business/consultants/ppt/VerticalSSD.mht
2014-11-04 18:59:45,093 Skipping mht file: http://www.in.gov/dot/business/consultants/ppt/HorizIntersecSD.mht
2014-11-04 19:01:49,600 Skipping mht file: http://www.emsc.nysed.gov/osa/nyseslat/march2006.mht
2014-11-04 19:01:49,600 Skipping mht file: http://emsc33.nysed.gov/irts/accountability/2005-06/school-district-accountabilityrules-march2006-notransition.mht
2014-11-04 19:03:11,333 Skipping mht file: http://splash.metrokc.gov/Wrias/9/archive/0407/SteerCom/Science-Plan-Steps.mht
2014-11-04 19:03:11,334 Skipping mht file: http://splash.metrokc.gov/Wrias/9/archive/0407/SteerCom/Juvenile-Survival.mht
2014-11-04 19:03:11,335 Skipping mht file: http://prms.nrcs.usda.gov:80/prms/help/PRMSGoalsTraining.mht
2014-11-04 19:03:11,338 Skipping mht file: http://www.deltami.gov:80/community/news/developments/non-motorized_study/The_Plan.mht
2014-11-04 19:03:11,338 Skipping mht file: http://www.arserrc.gov:80/naasafety/naaAPguide.mht
2014-11-04 19:03:11,339 Skipping mht file: http://www.arserrc.gov:80/NAASafety/EMSManuel.mht
2014-11-04 19:05:54,116 Skipping mht file: http://das.ohio.gov/gsd/Fams/CertTraining.mht
2014-11-04 19:05:54,117 Skipping mht file: http://www.mncourts.gov/documents/0/Public/Integration_Services/MNCIS_Integration_Examples_2005July26.mht
2014-11-04 19:05:54,117 Skipping mht file: http://www.psc.missouri.gov/publications/Wood_IRP_Pres.mht
2014-11-04 19:05:54,118 Skipping mht file: http://www.psc.missouri.gov/publications/Mantle_IRP_Pres.mht
2014-11-04 19:05:54,118 Skipping mht file: http://www.psc.missouri.gov/publications/Artman_IRP_Pres.mht
2014-11-04 19:05:54,118 Skipping mht file: http://www.psc.missouri.gov/publications/Micheel_IRP_Pres.mht
2014-11-04 19:08:45,023 Skipping mht file: http://splash.metrokc.gov/Wrias/9/archive/0407/SteerCom/Hatchery-Wild-Interaction.mht
2014-11-04 19:08:45,024 Skipping mht file: http://splash.metrokc.gov/Wrias/9/archive/0407/SteerCom/Nearshore-Rearing.mht
2014-11-04 19:08:45,024 Skipping mht file: http://splash.metrokc.gov/Wrias/9/archive/0407/SteerCom/Overview.mht
2014-11-04 19:08:45,024 Skipping mht file: http://splash.metrokc.gov/Wrias/9/archive/0407/SteerCom/Functional-Linkages-Two.mht
2014-11-04 19:08:45,025 Skipping mht file: http://splash.metrokc.gov/Wrias/9/archive/0407/SteerCom/Water-Quality.mht
2014-11-04 19:08:45,025 Skipping mht file: http://splash.metrokc.gov/Wrias/9/archive/0407/SteerCom/Key-Findings-Overview.mht
2014-11-04 19:08:45,026 Skipping mht file: http://splash.metrokc.gov/Wrias/9/archive/0412/SteerCom12-1-04/SciencePanelPrioritization12-1-04.mht
2014-11-04 19:08:45,027 Skipping mht file: http://splash.metrokc.gov/Wrias/9/archive/0412/SteerCom12-9-04/SciencePanelPrioritization12-9-04.mht
2014-11-04 19:10:34,497 Skipping mht file: http://www.in.gov/ocra/forms/Indiana%20Humanities%20Regional%20Forums/Anderson%20Regional%20Forum%20Invitation.mht
2014-11-04 19:10:34,497 Skipping mht file: http://www.in.gov/ocra/forms/Indiana%20Humanities%20Regional%20Forums/Lafayette%20Regional%20Forum%20Invitation.mht
2014-11-04 19:10:34,498 Skipping mht file: http://www.in.gov/ocra/forms/Indiana%20Humanities%20Regional%20Forums/Muncie%20Regional%20Forums%20Invite.mht
2014-11-04 19:10:34,498 Skipping mht file: http://www.in.gov/ocra/forms/Indiana%20Humanities%20Regional%20Forums/New%20Albany%20Regional%20Forums%20Invitation.mht
2014-11-04 19:10:34,516 Skipping mht file: http://www.das.ohio.gov:80/itgd/PDFs_EA/DesktopStds-PlanningSeminar.mht
2014-11-04 19:10:34,516 Skipping mht file: http://dnr.metrokc.gov:80/Wrias/9/archive/0407/SteerCom/Overview.mht
2014-11-04 19:10:34,516 Skipping mht file: http://dnr.metrokc.gov:80/Wrias/9/archive/0407/SteerCom/Historic-Current.mht
2014-11-04 19:10:34,517 Skipping mht file: http://dnr.metrokc.gov:80/Wrias/9/archive/0407/SteerCom/Future-Conditions.mht
2014-11-04 19:10:34,517 Skipping mht file: http://dnr.metrokc.gov:80/Wrias/9/archive/0407/SteerCom/Key-Findings-Overview.mht
2014-11-04 19:10:34,517 Skipping mht file: http://dnr.metrokc.gov:80/wrias/9/archive/0407/SteerCom/Hatchery-Wild-Interaction.mht
2014-11-04 19:10:34,518 Skipping mht file: http://dnr.metrokc.gov:80/wrias/9/archive/0407/SteerCom/Functional-Linkages-Two.mht
2014-11-04 19:10:34,518 Skipping mht file: http://www.its.dot.gov:80/itsweb/speeches/madridvii2003.mht
2014-11-04 19:10:34,518 Skipping mht file: http://www.ltgov.wa.gov:80/International/LCEDIR/Aug%203rd%202004.mht
2014-11-04 19:12:14,481 Skipping mht file: http://orise.orau.gov/healthcomm/files/WebTools.mht
2014-11-04 19:12:14,482 Skipping mht file: http://www.fas.usda.gov/icd/iraq/FASAfghanistan_Iraq.mht
2014-11-04 19:19:41,862 Skipping mht file: http://www.arserrc.gov:80/NAASafety/EMSGapAnalysis.mht
2014-11-04 19:19:41,863 Skipping mht file: http://www.med.uscourts.gov:80/ecf/usermanual.mht
2014-11-04 19:19:41,865 Skipping mht file: http://www.mn.nrcs.usda.gov:80/technical/ecs/nutrient/training/CropNutrientPresentation.mht
2014-11-04 19:26:47,249 Skipping mht file: http://www.hawaii.gov/labor/hiosh/ppt/HIOSH%20Annual_Performance_Report_HIOSH_Adv_Comm_11-17-05.mht
2014-11-04 19:26:47,274 Skipping mht file: http://www.metrokc.gov/kcscc/StartNewCase_08-08-25_webpage.mht
2014-11-04 19:26:47,276 Skipping mht file: http://nas.er.usgs.gov/presentations/posters/NBIINISbase.mht
2014-11-04 19:26:47,279 Skipping mht file: http://training.cit.nih.gov/notes/824/exercises.mht
2014-11-04 19:29:35,159 Skipping mht file: http://www.hawaii.gov/labor/wdc/ppt/NGA_Project_Overview_Dec05.mht
2014-11-04 19:29:35,160 Skipping mht file: http://wwwc.house.gov/international_relations/109/zoe051006.mht
2014-11-04 19:29:35,160 Skipping mht file: http://www.cdc.gov/cancer/colorectal/call_to_action/calltoaction.mht
2014-11-04 19:29:35,161 Skipping mht file: http://www.psc.mo.gov/publications/Artman_IRP_Pres.mht
2014-11-04 19:29:35,162 Skipping mht file: http://www.psc.mo.gov/publications/Mantle_IRP_Pres.mht
2014-11-04 19:29:35,162 Skipping mht file: http://www.psc.mo.gov/publications/Micheel_IRP_Pres.mht
2014-11-04 19:29:35,163 Skipping mht file: http://www.psc.mo.gov/publications/Wood_IRP_Pres.mht
2014-11-04 19:29:35,193 Skipping mht file: http://www.med.uscourts.gov/ecf/usermanual.mht
2014-11-04 19:29:35,193 Skipping mht file: http://emergencyservices.catawbacountync.gov/esapps/emsref/DL9.mht
2014-11-04 19:29:35,193 Skipping mht file: http://emergencyservices.catawbacountync.gov/esapps/emsref/DL57.mht
2014-11-04 19:29:35,193 Skipping mht file: http://emergencyservices.catawbacountync.gov/esapps/emsref/AP17.mht
2014-11-04 19:29:35,193 Skipping mht file: http://emergencyservices.catawbacountync.gov/esapps/emsref/SP7.mht
2014-11-04 19:31:47,388 Skipping mht file: http://www-nrd.nhtsa.dot.gov:80/pdf/nrd-50/Ciren/2006/Mich_0306/MI%20March%20NHTSA%20Powerpoint.mht
2014-11-04 19:31:47,388 Skipping mht file: http://www.capitol.tn.gov/joint/committees/fiscal-review/docs/Edison%20Update%20to%20Fiscal%20Review%20Dec%202007.mht
2014-11-04 19:31:47,389 Skipping mht file: http://www.capitol.tn.gov/joint/committees/fiscal-review/archives/104ga/Reports/SFB%2012-15-06(FINAL).mht
2014-11-04 19:37:39,726 Skipping mht file: http://www.schools.utah.gov/curr/IMC/aligntemp/socstu/SoStu_9.mht
2014-11-04 19:37:39,727 Skipping mht file: http://deq.mt.gov/AirQuality/Planning/Presentations/MissoulaWoodStoveProgram.mht
2014-11-04 19:37:39,728 Skipping mht file: http://leg.mt.gov/content/committees/interim/2007_2008/InterimOrientationRevised2_2007.mht
2014-11-04 19:37:39,728 Skipping mht file: http://deq.mt.gov/AirQuality/Planning/Presentations/Woodstovechangeout2007.mht
2014-11-04 19:37:39,729 Skipping mht file: http://dnrc.mt.gov/forestry/Fire/Training/Dispatchtraining.mht
2014-11-04 19:37:39,730 Skipping mht file: http://deq.mt.gov/FedSuperfund/SilverBowCreek/SBCconstruction.mht
2014-11-04 19:37:39,730 Skipping mht file: http://www.schools.utah.gov/curr/IMC/aligntemp/socstu/SoStu_4.mht
2014-11-04 19:37:39,730 Skipping mht file: http://www.udot.utah.gov/sr-12/assets/April%20Open%20House%20Presentation.mht
2014-11-04 19:37:39,731 Skipping mht file: http://www.udot.utah.gov/sr-12/assets/April%20CSC%20Meeting%20Presentation.mht
2014-11-04 19:37:39,731 Skipping mht file: http://www.schools.utah.gov/curr/IMC/aligntemp/sci/sci_4.mht
2014-11-04 19:37:39,731 Skipping mht file: http://www.az211.gov:80/documents/211%20CAC%20Presentation%2010-15-04.mht
2014-11-04 19:37:39,731 Skipping mht file: http://www.azre.gov/COMMISH/Documents/Budget_Presentation-012907.mht
2014-11-04 19:37:39,732 Skipping mht file: http://www.aztreasury.gov/media/Treasurer%20Dean%20Martin%20State%20Land%20Endowments%20NRRA%201-24-07.mht
2014-11-04 19:37:39,732 Skipping mht file: http://sic.sc.gov/NR/rdonlyres/F6A91172-6A24-464E-AB8A-0E358EC93B7D/0/SIC_Basics_PowerPoint.mht
2014-11-04 19:37:39,732 Skipping mht file: http://sic.sc.gov/NR/rdonlyres/F6A91172-6A24-464E-AB8A-0E358EC93B7D/0/SIC_Basics_PowerPoint.mht
2014-11-04 19:37:39,732 Skipping mht file: http://www.udot.utah.gov/sr68-500south/images/assets/Open_House_Boards_2.mht
2014-11-04 19:37:39,733 Skipping mht file: http://www.udot.utah.gov/sr68-500south/images/assets/Horizontal_Boards.mht
2014-11-04 19:37:39,733 Skipping mht file: http://www.udot.utah.gov/sr68-500south/images/assets/Open_House_Boards_1.mht
2014-11-04 19:37:39,734 Skipping mht file: http://www.udot.utah.gov/sr68-500south/images/assets/Vertical_Boards.mht
2014-11-04 19:37:39,734 Skipping mht file: http://www.udot.utah.gov/sr-12/assets/Final%20Presentation%20for%20Meeting%203.mht
2014-11-04 19:39:57,553 Skipping mht file: http://www.servealabama.gov/pp/AL%20Citizen%20Corps%20Conference%20Mobile12%2013-15%2006.mht
2014-11-04 19:39:57,554 Skipping mht file: http://www.servealabama.gov/pp/Citizens%20Corp.mht
2014-11-04 19:39:57,555 Skipping mht file: http://www.hawaii.gov/labor/wdc/ppt/BIWCwhers.mht
2014-11-04 19:39:57,556 Skipping mht file: http://ffas.usda.gov/icd/iraq/FASAfghanistan_Iraq.mht
2014-11-04 19:39:57,556 Skipping mht file: https://www.tempe.gov/historicpres/docs/Borden%20Homes%20Historic%20District%20111405.mht
2014-11-04 19:39:57,557 Skipping mht file: http://hawaii.gov/labor/hiosh/ppt/HIOSH%20Annual-Performance-Report-HIOSH-Adv-Comm-11-17-05.mht
2014-11-04 19:39:57,558 Skipping mht file: http://www.hawaii.gov/labor/wdc/ppt/CC_Planning_Issues_and_Directions.mht
2014-11-04 19:45:02,792 Skipping mht file: https://www.tempe.gov/historicpres/docs/BHHD%2011-14-05%20PART2%20SHPO-NRHP.mht
2014-11-04 19:45:02,793 Skipping mht file: https://www.tempe.gov/historicpres/docs/BHHD%2011-14-05%20PART4%20Design%20Review.mht
2014-11-04 19:45:02,793 Skipping mht file: https://www.tempe.gov/historicpres/Borden%20Homes%20Historic%20District%20111405.mht
2014-11-04 19:45:02,803 Skipping mht file: http://www.montanacourts.mt.gov/library/guides/Search%20Like%20a%20Pro.mht
2014-11-04 19:45:02,803 Skipping mht file: http://finance.ky.gov/NR/rdonlyres/05096943-D7F6-4B94-9751-FB41F589FCA2/0/EOUserGroup208.mht
2014-11-04 19:45:02,804 Skipping mht file: http://www.franklincounty.ky.gov/NR/rdonlyres/BE45C918-5D93-4B95-BD1A-3218A548680D/0/Webpagelist2008.mht
2014-11-04 19:45:02,804 Skipping mht file: http://www.sde.idaho.gov/WeeklyFeature/docs/SuperintendentsMeeting/Annual_Superintendents_Meeting_Certification.mht
2014-11-04 19:45:02,807 Skipping mht file: http://www.pent.ca.gov/02NewInfoResearch/emails/04-09-04.mht
2014-11-04 19:45:02,835 Skipping mht file: http://www.marlborough-ma.gov/Gen/MarlboroughMA_Announcemt/I01184FF1.0/Doc1.mht
2014-11-04 19:48:53,140 Skipping mht file: http://ohp.parks.ca.gov/pages/1072/files/good%20grant%20management.mht
2014-11-04 19:48:53,146 Skipping mht file: http://www.marlborough-ma.gov/Home/I01184FF1.0/Doc1.mht
2014-11-04 19:48:53,150 Skipping mht file: http://dnr.metrokc.gov/Wrias/9/archive/0407/SteerCom/Water-Quality.mht
2014-11-04 19:48:53,150 Skipping mht file: http://dnr.metrokc.gov/Wrias/9/archive/0407/SteerCom/Science-Plan-Steps.mht
2014-11-04 19:48:53,151 Skipping mht file: http://www.oepic.ok.gov/carriers/overview.mht
2014-11-04 19:48:53,176 Skipping mht file: http://fishandgame.idaho.gov/ifwis/hdms/chinook/charts/RapidRiver.mht
2014-11-04 19:51:14,767 Skipping mht file: http://www.dva.wa.gov:80/GMAP/baldrigeleadershipteam/2005%20WA%20Soldiers%20Home%20Baldrige%20Assessment%20(Survey).mht
2014-11-04 19:51:14,768 Skipping mht file: http://www.wsd.wa.gov:80/board/documents/GMAP/Outreach_GMAP_06.mht
2014-11-04 19:51:14,768 Skipping mht file: http://www.wsd.wa.gov:80/board/documents/GMAP/HR_report09-01-06.mht
2014-11-04 19:51:14,768 Skipping mht file: http://fortress.wa.gov:80/dshs/maa/mip/files/WMIP%20Providers/WMIP%20PCP%20Merge%207-2006.mht
2014-11-04 19:51:14,769 Skipping mht file: http://dnr.metrokc.gov:80/Wrias/9/archive/0407/SteerCom/Juvenile-Survival.mht
2014-11-04 19:51:14,769 Skipping mht file: http://dnr.metrokc.gov:80/Wrias/9/archive/0407/SteerCom/Nearshore-Rearing.mht
2014-11-04 19:51:14,769 Skipping mht file: http://www.dop.wa.gov:80/NR/rdonlyres/9944EA5C-FA81-4D11-83D9-FD70F5676D70/0/Determine_Competencies_Job_Analysis_Training_Instructor_605.mht
2014-11-04 19:51:14,770 Skipping mht file: http://www.technology.gov:80/Events/2005/RFID/1005_Caprio.mht
2014-11-04 19:52:33,705 Skipping mht file: http://www.in.gov/dot/business/consultants/ppt/Superelevation.mht
2014-11-04 19:52:33,705 Skipping mht file: http://www.in.gov/dot/business/consultants/ppt/SightDistanceIntro.mht
2014-11-04 19:53:44,197 Skipping mht file: http://appropriations.senate.gov/hearmarkups/FinalStatementLtGenTaylor3May2006.mht
2014-11-04 19:56:04,580 Skipping mht file: http://www.chbr.noaa.gov/easi/products/EA2005.mht
2014-11-04 19:56:04,582 Skipping mht file: http://www.ne.nrcs.usda.gov/programs/CCPI_FY06.mht
2014-11-04 19:56:04,582 Skipping mht file: http://courts.mt.gov/library/guides/Search%20Like%20a%20Pro.mht
2014-11-04 19:56:04,588 Skipping mht file: http://www.fws.gov/nwi/Pubs_Reports/2007%20National%20Cowardin%20PowerPoint%20Web.mht
2014-11-04 19:56:04,595 Skipping mht file: http://ceic.mt.gov/new_site/publicatons/econcensuspressrelease.mht
2014-11-04 19:56:04,595 Skipping mht file: http://sic.sc.gov/NR/rdonlyres/F6A91172-6A24-464E-AB8A-0E358EC93B7D/0/SIC_Basics_PowerPoint.mht
2014-11-04 19:56:04,595 Skipping mht file: http://itsd.mt.gov/policy/councils/itmc/Sept06/ITMC_ESSC_Proposal_-_2006_Sep_06.mht
2014-11-04 19:56:04,616 Skipping mht file: http://hirc.house.gov/archives/109/zoe051006.mht
2014-11-04 19:56:04,623 Skipping mht file: http://www3.cancer.gov/rrp/CDRP/CDRP.mht
2014-11-04 20:00:37,833 Skipping mht file: http://www.consrv.ca.gov/omr/ab_3098_list/Documents/AB%203098%20October%203%202008.mht
2014-11-04 20:00:37,834 Skipping mht file: http://www.doa.virginia.gov/docs/General/FunctionalOrganizationChart.mht
2014-11-04 20:00:37,834 Skipping mht file: http://www.servealabama.gov/pp/revised%20IBC%20Citizen%20Corps%20Presentation.mht
2014-11-04 20:00:37,835 Skipping mht file: http://www.servealabama.gov/pp/CERT%20Initiatives%20Overview%2012-06%20FINAL.mht
2014-11-04 20:00:37,836 Skipping mht file: http://www.servealabama.gov/pp/Citizen%20Corps%20C%2006%20Lunch.mht
2014-11-04 20:03:24,485 Skipping mht file: http://www.emcbc.doe.gov:80/files/7-11-06%20EMCBC%20Briefing.mht
2014-11-04 20:03:24,486 Skipping mht file: http://www.ntdprogram.gov:80/ntdprogram/seminars/2007rural/2007_NTD_Rural_Training.mht
2014-11-04 20:03:24,487 Skipping mht file: http://www.hawaii.gov/labor/wdc/hcrn/LINK%204%20Onet%20OnLine.mht
2014-11-04 20:03:24,487 Skipping mht file: http://www.hawaii.gov/labor/wdc/hcrn/Link%205.1.mht
2014-11-04 20:03:24,512 Skipping mht file: http://www.dot.il.gov/us136/mainStreet.mht
2014-11-04 20:08:02,233 Skipping mht file: http://wwwa.house.gov/international_relations/109/zoe051006.mht
2014-11-04 20:08:02,234 Skipping mht file: http://www.internationalrelations.house.gov/archives/109/zoe051006.mht
2014-11-04 20:08:02,263 Skipping mht file: http://www.danbury-ct.gov/filestorage/39/publicaccess.mht
2014-11-04 20:08:02,263 Skipping mht file: http://www.pent.ca.gov/02NewInfoResearch/emails/08-23-04.mht
2014-11-04 20:08:02,263 Skipping mht file: http://www-dev.dva.wa.gov/GMAP/baldrigeleadershipteam/2005%20WA%20Soldiers%20Home%20Baldrige%20Assessment%20(Survey).mht
2014-11-04 20:12:34,386 Skipping mht file: http://www.sde.idaho.gov/site/tech_services/grants_contracts_docs/E-Rate.mht
2014-11-04 20:12:34,392 Skipping mht file: http://www.sanantonio.gov/clerk/minutes/2006/20060504.mht
2014-11-04 20:12:34,392 Skipping mht file: http://www.sanantonio.gov/clerk/minutes/2006/20060601.mht
2014-11-04 20:12:34,393 Skipping mht file: http://www.sanantonio.gov/clerk/minutes/2006/20060616.mht
2014-11-04 20:12:34,393 Skipping mht file: http://www.sanantonio.gov/clerk/minutes/2006/20060803.mht
2014-11-04 20:12:34,393 Skipping mht file: http://www.sde.idaho.gov/beta/tech_services/grants_contracts_docs/E-Rate.mht
2014-11-04 20:12:34,399 Skipping mht file: http://dnr.metrokc.gov/Wrias/9/archive/0412/SteerCom12-1-04/SciencePanelPrioritization12-1-04.mht
2014-11-04 20:12:34,400 Skipping mht file: http://dnr.metrokc.gov/Wrias/9/archive/0412/SteerCom12-9-04/SciencePanelPrioritization12-9-04.mht
2014-11-04 20:15:46,629 Skipping mht file: http://www.ltgov.wa.gov/LCEDIR/LCEDIR/Aug%203rd%202004.mht
2014-11-04 20:15:46,630 Skipping mht file: http://www.deltami.gov:80/Survey/The_Plan.mht
2014-11-04 20:15:46,630 Skipping mht file: http://www.deltami.gov:80/Survey/documents/The_Plan.mht
2014-11-04 20:15:46,630 Skipping mht file: http://www.faa.gov:80/region/aso/hrmd/Top%20Ten.mht
2014-11-04 20:18:40,124 Skipping mht file: http://www.ct.gov/dcf/lib/dcf/juvenile_services/mht/leone_keynote_address_5_11_06%5B1%5D.mht
2014-11-04 20:18:40,129 Skipping mht file: http://www.dmas.virginia.gov/downloads/pdfs/ch-EPSDT_PCare_Presentation_2006.mht
2014-11-04 20:18:40,129 Skipping mht file: http://www.dmas.virginia.gov/downloads/pdfs/ch-EPSDT_LeadTesting_2006.mht
2014-11-04 20:18:40,131 Skipping mht file: http://ohp.parks.ca.gov/pages/1072/files/great%20grant%20presentation.mht
2014-11-04 20:18:40,149 Skipping mht file: http://www.orau.gov/epscor2007/proceedings/019_Boes_AAAS_ASME.mht
2014-11-04 20:21:24,274 Skipping mht file: http://calais.itc.nrcs.usda.gov:80/IAS2002/docs/PRMSGoalsTraining.mht
2014-11-04 20:21:24,290 Skipping mht file: http://www3.cancer.gov/rrp/CDRP/Telesynergy.mht
2014-11-04 20:24:56,228 Skipping mht file: http://www.deltami.gov:80/community/news/non-motorized_study/The_Plan.mht
2014-11-04 20:24:56,237 Skipping mht file: http://www.ars.usda.gov:80/SP2UserFiles/Place/19000000/SHE/naaAPguide.mht
2014-11-04 20:24:56,238 Skipping mht file: http://www.ars.usda.gov:80/SP2UserFiles/Place/19000000/SHE/AffirmativeProcurementTraining.mht
2014-11-04 20:24:56,241 Skipping mht file: http://www.psc.sc.gov/reference/presentations/TriennialWorkshop2/Patton.mht
2014-11-04 20:24:56,241 Skipping mht file: http://www.psc.sc.gov/reference/presentations/TriennialWorkshop2/ORoark.mht
2014-11-04 20:24:56,244 Skipping mht file: http://www.arserrc.gov/NAASafety/AffirmativeProcurementTraining.mht
2014-11-04 20:24:56,244 Skipping mht file: http://www.arserrc.gov/NAASafety/EMSaware.mht
2014-11-04 20:32:09,180 Skipping mht file: https://www.tempe.gov/historicpres/docs/BHHD%2011-14-05%20PART3%20SectyStdsRehab.mht
2014-11-04 20:36:19,018 Skipping mht file: http://www.fws.gov/nwi/PubsReports/presentations/2007%20National%20Cowardin%20PowerPoint%20Web.mht
2014-11-04 20:36:19,019 Skipping mht file: https://www.tempe.gov/historicpres/docs/2003%20IEBC-HPC011206.mht
2014-11-04 20:36:19,073 Skipping mht file: http://data2.itc.nps.gov/parks/mora/ppdocuments/GPRA04.mht
2014-11-04 20:39:45,934 Skipping mht file: http://www.va.gov/biloxi/psychol/Residency%20Brochure%202006-2007%20rev%20%204-05internet.mht
2014-11-04 20:42:14,212 Skipping mht file: http://training.cit.nih.gov/notes/824/824lecture.mht
2014-11-04 20:42:14,219 Skipping mht file: http://www.deltami.gov:80/deltatrails/The_Plan.mht
2014-11-04 20:42:14,219 Skipping mht file: http://www.superiorcourt.maricopa.gov:80/lawlibrary/Images/Doc6.mht
2014-11-04 20:44:53,759 Skipping mht file: http://www.hawaii.gov/labor/wdc/hcrn/LINK%206%20HCRN%20TRG%20PRESENTATION%20HAMS%20CONFERENCE%202004.mht
2014-11-04 20:48:39,033 Skipping mht file: http://sage.ecr.gov:80/pdf/IntroECR.mht
2014-11-04 20:48:39,034 Skipping mht file: http://www.med.uscourts.gov:80/ecf/usermanual.mht
2014-11-04 20:48:39,035 Skipping mht file: http://www.schools.utah.gov:80/curr/STAR/ppt/STAR.mht
2014-11-04 20:48:39,036 Skipping mht file: http://www.ecy.wa.gov:80/programs/spills/prevention/transrule/Oil%20Transfer%20Studya.mht
2014-11-04 20:48:39,036 Skipping mht file: http://health.nashville.gov:80/web%20docs/ResultsMatterProgramPurpose.mht
2014-11-04 20:48:39,036 Skipping mht file: http://www.itsdocs.fhwa.dot.gov:80/speeches/madridvii2003.mht
2014-11-04 20:48:39,037 Skipping mht file: http://www.its.dot.gov:80/speeches/madridvii2003.mht
2014-11-04 20:48:39,038 Skipping mht file: http://www.faa.gov:80/safeflight21/Programs/ss-image.mht
2014-11-04 20:48:39,051 Skipping mht file: http://www.faa.gov:80/and/and500/510/Programs/ss-image.mht
2014-11-04 20:48:39,051 Skipping mht file: http://www.med.uscourts.gov:80/ecf/usermanual.mht
2014-11-04 20:48:39,051 Skipping mht file: http://bphc.hrsa.gov:80/nhdp/images/history/NHDP_MUSEUM_NEW/Exhibits_Museum/STANLEY_STEIN_W_TXT.mht
2014-11-04 20:48:39,067 Skipping mht file: http://www.ecy.wa.gov:80/programs/spills/preparedness/transrule/Oil%20Transfer%20Studya.mht
2014-11-04 20:48:39,067 Skipping mht file: http://www.cbrx.il.gov:80/aging/1aboutidoa/budget_fy06.mht
2014-11-04 20:52:44,512 Skipping mht file: http://www.marlborough-ma.gov/Home/I01184FF1.0/Doc1.mht
2014-11-04 20:52:44,516 Skipping mht file: http://dnr.metrokc.gov/Wrias/9/archive/0407/SteerCom/Water-Quality.mht
2014-11-04 20:52:44,516 Skipping mht file: http://dnr.metrokc.gov/Wrias/9/archive/0407/SteerCom/Science-Plan-Steps.mht
2014-11-04 20:52:44,517 Skipping mht file: http://www.oepic.ok.gov/carriers/overview.mht
2014-11-04 21:02:08,246 Skipping mht file: http://www.hawaii.gov/labor/wdc/hcrn/LINK%206%20HCRN%20TRG%20PRESENTATION%20HAMS%20CONFERENCE%202004.mht
2014-11-04 21:04:49,062 Skipping mht file: http://www.dva.wa.gov:80/GMAP/baldrigeleadershipteam/2005%20WA%20Soldiers%20Home%20Baldrige%20Assessment%20(Survey).mht
2014-11-04 21:04:49,062 Skipping mht file: http://www.wsd.wa.gov:80/board/documents/GMAP/Outreach_GMAP_06.mht
2014-11-04 21:04:49,063 Skipping mht file: http://www.wsd.wa.gov:80/board/documents/GMAP/HR_report09-01-06.mht
2014-11-04 21:04:49,063 Skipping mht file: http://fortress.wa.gov:80/dshs/maa/mip/files/WMIP%20Providers/WMIP%20PCP%20Merge%207-2006.mht
2014-11-04 21:04:49,063 Skipping mht file: http://dnr.metrokc.gov:80/Wrias/9/archive/0407/SteerCom/Juvenile-Survival.mht
2014-11-04 21:04:49,064 Skipping mht file: http://dnr.metrokc.gov:80/Wrias/9/archive/0407/SteerCom/Nearshore-Rearing.mht
2014-11-04 21:04:49,064 Skipping mht file: http://www.dop.wa.gov:80/NR/rdonlyres/9944EA5C-FA81-4D11-83D9-FD70F5676D70/0/Determine_Competencies_Job_Analysis_Training_Instructor_605.mht
2014-11-04 21:04:49,064 Skipping mht file: http://www.technology.gov:80/Events/2005/RFID/1005_Caprio.mht
2014-11-04 21:04:49,066 Skipping mht file: http://calais.itc.nrcs.usda.gov:80/IAS2002/docs/PRMSGoalsTraining.mht
2014-11-04 21:09:00,735 Skipping mht file: http://www.emcbc.doe.gov:80/files/7-11-06%20EMCBC%20Briefing.mht
2014-11-04 21:09:00,736 Skipping mht file: http://www.ntdprogram.gov:80/ntdprogram/seminars/2007rural/2007_NTD_Rural_Training.mht
2014-11-04 21:09:00,737 Skipping mht file: http://www.hawaii.gov/labor/wdc/hcrn/LINK%204%20Onet%20OnLine.mht
2014-11-04 21:09:00,737 Skipping mht file: http://www.hawaii.gov/labor/wdc/hcrn/Link%205.1.mht
2014-11-04 21:09:00,762 Skipping mht file: http://www.dot.il.gov/us136/mainStreet.mht
2014-11-04 21:12:22,978 Skipping mht file: http://www.in.gov/dot/business/consultants/ppt/VerticalSSD.mht
2014-11-04 21:12:22,979 Skipping mht file: http://www.in.gov/dot/business/consultants/ppt/HorizIntersecSD.mht
2014-11-04 21:15:15,986 Skipping mht file: http://splash.metrokc.gov/Wrias/9/archive/0407/SteerCom/Science-Plan-Steps.mht
2014-11-04 21:15:15,987 Skipping mht file: http://splash.metrokc.gov/Wrias/9/archive/0407/SteerCom/Juvenile-Survival.mht
2014-11-04 21:15:15,988 Skipping mht file: http://prms.nrcs.usda.gov:80/prms/help/PRMSGoalsTraining.mht
2014-11-04 21:15:15,991 Skipping mht file: http://www.deltami.gov:80/community/news/developments/non-motorized_study/The_Plan.mht
2014-11-04 21:15:15,991 Skipping mht file: http://www.arserrc.gov:80/naasafety/naaAPguide.mht
2014-11-04 21:15:15,991 Skipping mht file: http://www.arserrc.gov:80/NAASafety/EMSManuel.mht
2014-11-04 21:16:53,651 Skipping mht file: http://www.emsc.nysed.gov/osa/nyseslat/march2006.mht
2014-11-04 21:16:53,652 Skipping mht file: http://emsc33.nysed.gov/irts/accountability/2005-06/school-district-accountabilityrules-march2006-notransition.mht
2014-11-04 21:22:22,223 Skipping mht file: http://das.ohio.gov/gsd/Fams/CertTraining.mht
2014-11-04 21:22:22,224 Skipping mht file: http://www.mncourts.gov/documents/0/Public/Integration_Services/MNCIS_Integration_Examples_2005July26.mht
2014-11-04 21:22:22,224 Skipping mht file: http://www.psc.missouri.gov/publications/Wood_IRP_Pres.mht
2014-11-04 21:22:22,225 Skipping mht file: http://www.psc.missouri.gov/publications/Mantle_IRP_Pres.mht
2014-11-04 21:22:22,225 Skipping mht file: http://www.psc.missouri.gov/publications/Artman_IRP_Pres.mht
2014-11-04 21:22:22,226 Skipping mht file: http://www.psc.missouri.gov/publications/Micheel_IRP_Pres.mht
2014-11-04 21:26:52,203 Skipping mht file: http://www.in.gov/ocra/forms/Indiana%20Humanities%20Regional%20Forums/Anderson%20Regional%20Forum%20Invitation.mht
2014-11-04 21:26:52,208 Skipping mht file: http://www.in.gov/ocra/forms/Indiana%20Humanities%20Regional%20Forums/Lafayette%20Regional%20Forum%20Invitation.mht
2014-11-04 21:26:52,210 Skipping mht file: http://www.in.gov/ocra/forms/Indiana%20Humanities%20Regional%20Forums/Muncie%20Regional%20Forums%20Invite.mht
2014-11-04 21:26:52,210 Skipping mht file: http://www.in.gov/ocra/forms/Indiana%20Humanities%20Regional%20Forums/New%20Albany%20Regional%20Forums%20Invitation.mht
2014-11-04 21:26:52,228 Skipping mht file: http://www.das.ohio.gov:80/itgd/PDFs_EA/DesktopStds-PlanningSeminar.mht
2014-11-04 21:26:52,228 Skipping mht file: http://dnr.metrokc.gov:80/Wrias/9/archive/0407/SteerCom/Overview.mht
2014-11-04 21:26:52,228 Skipping mht file: http://dnr.metrokc.gov:80/Wrias/9/archive/0407/SteerCom/Historic-Current.mht
2014-11-04 21:26:52,229 Skipping mht file: http://dnr.metrokc.gov:80/Wrias/9/archive/0407/SteerCom/Future-Conditions.mht
2014-11-04 21:26:52,229 Skipping mht file: http://dnr.metrokc.gov:80/Wrias/9/archive/0407/SteerCom/Key-Findings-Overview.mht
2014-11-04 21:26:52,229 Skipping mht file: http://dnr.metrokc.gov:80/wrias/9/archive/0407/SteerCom/Hatchery-Wild-Interaction.mht
2014-11-04 21:26:52,229 Skipping mht file: http://dnr.metrokc.gov:80/wrias/9/archive/0407/SteerCom/Functional-Linkages-Two.mht
2014-11-04 21:26:52,230 Skipping mht file: http://www.its.dot.gov:80/itsweb/speeches/madridvii2003.mht
2014-11-04 21:26:52,230 Skipping mht file: http://www.ltgov.wa.gov:80/International/LCEDIR/Aug%203rd%202004.mht
2014-11-04 21:28:42,329 Skipping mht file: http://orise.orau.gov/healthcomm/files/WebTools.mht
2014-11-04 21:28:42,329 Skipping mht file: http://www.fas.usda.gov/icd/iraq/FASAfghanistan_Iraq.mht
2014-11-04 21:34:11,529 Skipping mht file: http://ohp.parks.ca.gov/pages/1072/files/good%20grant%20management.mht
2014-11-04 21:37:43,585 Skipping mht file: http://www.arserrc.gov:80/NAASafety/EMSGapAnalysis.mht
2014-11-04 21:37:43,586 Skipping mht file: http://www.med.uscourts.gov:80/ecf/usermanual.mht
2014-11-04 21:37:43,587 Skipping mht file: http://www.mn.nrcs.usda.gov:80/technical/ecs/nutrient/training/CropNutrientPresentation.mht
2014-11-04 21:43:12,890 Skipping mht file: http://www-drendel.fnal.gov/meetings/Integration/LuminosityPredictor/previous%20tool/Store%204628%20-%201153e30.mht
2014-11-04 21:43:12,891 Skipping mht file: http://www-drendel.fnal.gov/meetings/Integration/LuminosityPredictor/previous%20tool/Store%204228%20-%201153e30.mht
2014-11-04 21:43:12,891 Skipping mht file: http://www-drendel.fnal.gov/meetings/Integration/LuminosityPredictor/previous%20tool/Store%204623%20-%2099.47e30.mht
2014-11-04 21:43:12,892 Skipping mht file: http://www-drendel.fnal.gov/meetings/Integration/LuminosityPredictor/previous%20tool/Luminosity%20Predictor%20Excel%20Spreadsheet.mht
2014-11-04 21:43:12,893 Skipping mht file: http://www-drendel.fnal.gov/meetings/Integration/LuminosityPredictor/previous%20tool/Store%204618%20-%201106e30.mht
2014-11-04 21:43:12,894 Skipping mht file: http://www-drendel.fnal.gov/meetings/Integration/LuminosityPredictor/previous%20tool/Store%204631%20-%20726e30.mht
2014-11-04 21:43:12,894 Skipping mht file: http://www-drendel.fnal.gov/meetings/Integration/LuminosityPredictor/previous%20tool/Store%204627-%20857e30.mht
2014-11-04 21:43:12,894 Skipping mht file: http://www-drendel.fnal.gov/meetings/Integration/LuminosityPredictor/previous%20tool/Store%204621%20-%206795e30.mht
2014-11-04 21:43:12,895 Skipping mht file: http://www.grrec.ky.gov/sss.mht
2014-11-04 21:43:12,895 Skipping mht file: http://www.placer.ca.gov/upload/images/2003%20annual%20crop%20report.mht
2014-11-04 21:43:12,895 Skipping mht file: http://www.webbcountytx.gov/Sheriff/Weed_and_Seed_Spanish_Newsletter.mht
2014-11-04 21:43:12,920 Skipping mht file: http://www.ars.usda.gov/SP2UserFiles/Place/19000000/SHE/EMSManuel.mht
2014-11-04 21:43:12,924 Skipping mht file: http://energycommerce.house.gov/cmte_mtgs/GAO-Depleted%20uranium%20cylinder%20pictures.mht
2014-11-04 21:45:56,503 Skipping mht file: http://www.hawaii.gov/labor/hiosh/ppt/HIOSH%20Annual_Performance_Report_HIOSH_Adv_Comm_11-17-05.mht
2014-11-04 21:45:56,526 Skipping mht file: http://www.metrokc.gov/kcscc/StartNewCase_08-08-25_webpage.mht
2014-11-04 21:45:56,527 Skipping mht file: http://nas.er.usgs.gov/presentations/posters/NBIINISbase.mht
2014-11-04 21:45:56,529 Skipping mht file: http://training.cit.nih.gov/notes/824/exercises.mht
2014-11-04 21:47:35,397 Skipping mht file: http://www.tempe.gov/historicpres/RooseveltAddition.mht
2014-11-04 21:47:35,397 Skipping mht file: http://www.metrokc.gov/kcscc/E-FilingDocument_08-08-25_webpage.mht
2014-11-04 21:47:35,398 Skipping mht file: http://ffas.usda.gov/icd/drd/CADI/CADiPresentation.mht
2014-11-04 21:48:28,139 Skipping mht file: http://www-nrd.nhtsa.dot.gov:80/pdf/nrd-50/Ciren/2006/Mich_0306/MI%20March%20NHTSA%20Powerpoint.mht
2014-11-04 21:48:28,140 Skipping mht file: http://www.capitol.tn.gov/joint/committees/fiscal-review/docs/Edison%20Update%20to%20Fiscal%20Review%20Dec%202007.mht
2014-11-04 21:48:28,140 Skipping mht file: http://www.capitol.tn.gov/joint/committees/fiscal-review/archives/104ga/Reports/SFB%2012-15-06(FINAL).mht
2014-11-04 21:54:24,666 Skipping mht file: http://www.schools.utah.gov/curr/IMC/aligntemp/socstu/SoStu_9.mht
2014-11-04 21:54:24,667 Skipping mht file: http://deq.mt.gov/AirQuality/Planning/Presentations/MissoulaWoodStoveProgram.mht
2014-11-04 21:54:24,667 Skipping mht file: http://leg.mt.gov/content/committees/interim/2007_2008/InterimOrientationRevised2_2007.mht
2014-11-04 21:54:24,668 Skipping mht file: http://deq.mt.gov/AirQuality/Planning/Presentations/Woodstovechangeout2007.mht
2014-11-04 21:54:24,668 Skipping mht file: http://dnrc.mt.gov/forestry/Fire/Training/Dispatchtraining.mht
2014-11-04 21:54:24,669 Skipping mht file: http://deq.mt.gov/FedSuperfund/SilverBowCreek/SBCconstruction.mht
2014-11-04 21:54:24,669 Skipping mht file: http://www.schools.utah.gov/curr/IMC/aligntemp/socstu/SoStu_4.mht
2014-11-04 21:54:24,670 Skipping mht file: http://www.udot.utah.gov/sr-12/assets/April%20Open%20House%20Presentation.mht
2014-11-04 21:54:24,670 Skipping mht file: http://www.udot.utah.gov/sr-12/assets/April%20CSC%20Meeting%20Presentation.mht
2014-11-04 21:54:24,670 Skipping mht file: http://www.schools.utah.gov/curr/IMC/aligntemp/sci/sci_4.mht
2014-11-04 21:54:24,670 Skipping mht file: http://www.az211.gov:80/documents/211%20CAC%20Presentation%2010-15-04.mht
2014-11-04 21:54:24,671 Skipping mht file: http://www.azre.gov/COMMISH/Documents/Budget_Presentation-012907.mht
2014-11-04 21:54:24,671 Skipping mht file: http://www.aztreasury.gov/media/Treasurer%20Dean%20Martin%20State%20Land%20Endowments%20NRRA%201-24-07.mht
2014-11-04 21:54:24,671 Skipping mht file: http://sic.sc.gov/NR/rdonlyres/F6A91172-6A24-464E-AB8A-0E358EC93B7D/0/SIC_Basics_PowerPoint.mht
2014-11-04 21:54:24,671 Skipping mht file: http://sic.sc.gov/NR/rdonlyres/F6A91172-6A24-464E-AB8A-0E358EC93B7D/0/SIC_Basics_PowerPoint.mht
2014-11-04 21:54:24,672 Skipping mht file: http://www.udot.utah.gov/sr68-500south/images/assets/Open_House_Boards_2.mht
2014-11-04 21:54:24,672 Skipping mht file: http://www.udot.utah.gov/sr68-500south/images/assets/Horizontal_Boards.mht
2014-11-04 21:54:24,673 Skipping mht file: http://www.udot.utah.gov/sr68-500south/images/assets/Open_House_Boards_1.mht
2014-11-04 21:54:24,673 Skipping mht file: http://www.udot.utah.gov/sr68-500south/images/assets/Vertical_Boards.mht
2014-11-04 21:54:24,674 Skipping mht file: http://www.udot.utah.gov/sr-12/assets/Final%20Presentation%20for%20Meeting%203.mht
2014-11-04 21:56:44,408 Skipping mht file: http://www.servealabama.gov/pp/AL%20Citizen%20Corps%20Conference%20Mobile12%2013-15%2006.mht
2014-11-04 21:56:44,409 Skipping mht file: http://www.servealabama.gov/pp/Citizens%20Corp.mht
2014-11-04 21:56:44,409 Skipping mht file: http://www.hawaii.gov/labor/wdc/ppt/BIWCwhers.mht
2014-11-04 21:56:44,410 Skipping mht file: http://ffas.usda.gov/icd/iraq/FASAfghanistan_Iraq.mht
2014-11-04 21:56:44,411 Skipping mht file: https://www.tempe.gov/historicpres/docs/Borden%20Homes%20Historic%20District%20111405.mht
2014-11-04 21:56:44,412 Skipping mht file: http://hawaii.gov/labor/hiosh/ppt/HIOSH%20Annual-Performance-Report-HIOSH-Adv-Comm-11-17-05.mht
2014-11-04 21:56:44,413 Skipping mht file: http://www.hawaii.gov/labor/wdc/ppt/CC_Planning_Issues_and_Directions.mht
2014-11-04 21:58:29,084 Skipping mht file: http://www.hawaii.gov/labor/wdc/ppt/NGA_Project_Overview_Dec05.mht
2014-11-04 21:58:29,085 Skipping mht file: http://wwwc.house.gov/international_relations/109/zoe051006.mht
2014-11-04 21:58:29,085 Skipping mht file: http://www.cdc.gov/cancer/colorectal/call_to_action/calltoaction.mht
2014-11-04 21:58:29,092 Skipping mht file: http://www.psc.mo.gov/publications/Artman_IRP_Pres.mht
2014-11-04 21:58:29,093 Skipping mht file: http://www.psc.mo.gov/publications/Mantle_IRP_Pres.mht
2014-11-04 21:58:29,093 Skipping mht file: http://www.psc.mo.gov/publications/Micheel_IRP_Pres.mht
2014-11-04 21:58:29,094 Skipping mht file: http://www.psc.mo.gov/publications/Wood_IRP_Pres.mht
2014-11-04 21:58:29,122 Skipping mht file: http://www.med.uscourts.gov/ecf/usermanual.mht
2014-11-04 21:58:29,122 Skipping mht file: http://emergencyservices.catawbacountync.gov/esapps/emsref/DL9.mht
2014-11-04 21:58:29,122 Skipping mht file: http://emergencyservices.catawbacountync.gov/esapps/emsref/DL57.mht
2014-11-04 21:58:29,122 Skipping mht file: http://emergencyservices.catawbacountync.gov/esapps/emsref/AP17.mht
2014-11-04 21:58:29,122 Skipping mht file: http://emergencyservices.catawbacountync.gov/esapps/emsref/SP7.mht
2014-11-04 21:58:29,125 Skipping mht file: http://wwwa.house.gov/international_relations/109/zoe051006.mht
2014-11-04 21:58:29,126 Skipping mht file: http://www.internationalrelations.house.gov/archives/109/zoe051006.mht
2014-11-04 22:05:12,599 Skipping mht file: https://www.tempe.gov/historicpres/docs/BHHD%2011-14-05%20PART2%20SHPO-NRHP.mht
2014-11-04 22:05:12,600 Skipping mht file: https://www.tempe.gov/historicpres/docs/BHHD%2011-14-05%20PART4%20Design%20Review.mht
2014-11-04 22:05:12,600 Skipping mht file: https://www.tempe.gov/historicpres/Borden%20Homes%20Historic%20District%20111405.mht
2014-11-04 22:05:12,609 Skipping mht file: http://www.montanacourts.mt.gov/library/guides/Search%20Like%20a%20Pro.mht
2014-11-04 22:05:12,609 Skipping mht file: http://finance.ky.gov/NR/rdonlyres/05096943-D7F6-4B94-9751-FB41F589FCA2/0/EOUserGroup208.mht
2014-11-04 22:05:12,610 Skipping mht file: http://www.franklincounty.ky.gov/NR/rdonlyres/BE45C918-5D93-4B95-BD1A-3218A548680D/0/Webpagelist2008.mht
2014-11-04 22:05:12,610 Skipping mht file: http://www.sde.idaho.gov/WeeklyFeature/docs/SuperintendentsMeeting/Annual_Superintendents_Meeting_Certification.mht
2014-11-04 22:05:12,612 Skipping mht file: http://www.pent.ca.gov/02NewInfoResearch/emails/04-09-04.mht
2014-11-04 22:05:12,632 Skipping mht file: http://www.marlborough-ma.gov/Gen/MarlboroughMA_Announcemt/I01184FF1.0/Doc1.mht
2014-11-04 22:08:20,947 Skipping mht file: http://www.in.gov/dot/business/consultants/ppt/Superelevation.mht
2014-11-04 22:08:20,947 Skipping mht file: http://www.in.gov/dot/business/consultants/ppt/SightDistanceIntro.mht
2014-11-04 22:11:06,732 Skipping mht file: http://www.chbr.noaa.gov/easi/products/EA2005.mht
2014-11-04 22:11:06,734 Skipping mht file: http://www.ne.nrcs.usda.gov/programs/CCPI_FY06.mht
2014-11-04 22:11:06,734 Skipping mht file: http://courts.mt.gov/library/guides/Search%20Like%20a%20Pro.mht
2014-11-04 22:11:06,740 Skipping mht file: http://www.fws.gov/nwi/Pubs_Reports/2007%20National%20Cowardin%20PowerPoint%20Web.mht
2014-11-04 22:11:06,746 Skipping mht file: http://ceic.mt.gov/new_site/publicatons/econcensuspressrelease.mht
2014-11-04 22:11:06,746 Skipping mht file: http://sic.sc.gov/NR/rdonlyres/F6A91172-6A24-464E-AB8A-0E358EC93B7D/0/SIC_Basics_PowerPoint.mht
2014-11-04 22:11:06,746 Skipping mht file: http://itsd.mt.gov/policy/councils/itmc/Sept06/ITMC_ESSC_Proposal_-_2006_Sep_06.mht
2014-11-04 22:11:06,768 Skipping mht file: http://hirc.house.gov/archives/109/zoe051006.mht
2014-11-04 22:11:06,775 Skipping mht file: http://www3.cancer.gov/rrp/CDRP/CDRP.mht
2014-11-04 22:14:24,150 Skipping mht file: http://splash.metrokc.gov/Wrias/9/archive/0407/SteerCom/Hatchery-Wild-Interaction.mht
2014-11-04 22:14:24,151 Skipping mht file: http://splash.metrokc.gov/Wrias/9/archive/0407/SteerCom/Nearshore-Rearing.mht
2014-11-04 22:14:24,151 Skipping mht file: http://splash.metrokc.gov/Wrias/9/archive/0407/SteerCom/Overview.mht
2014-11-04 22:14:24,151 Skipping mht file: http://splash.metrokc.gov/Wrias/9/archive/0407/SteerCom/Functional-Linkages-Two.mht
2014-11-04 22:14:24,152 Skipping mht file: http://splash.metrokc.gov/Wrias/9/archive/0407/SteerCom/Water-Quality.mht
2014-11-04 22:14:24,152 Skipping mht file: http://splash.metrokc.gov/Wrias/9/archive/0407/SteerCom/Key-Findings-Overview.mht
2014-11-04 22:14:24,153 Skipping mht file: http://splash.metrokc.gov/Wrias/9/archive/0412/SteerCom12-1-04/SciencePanelPrioritization12-1-04.mht
2014-11-04 22:14:24,154 Skipping mht file: http://splash.metrokc.gov/Wrias/9/archive/0412/SteerCom12-9-04/SciencePanelPrioritization12-9-04.mht
2014-11-04 22:14:24,160 Skipping mht file: http://www.fws.gov/nwi/PubsReports/presentations/2007%20National%20Cowardin%20PowerPoint%20Web.mht
2014-11-04 22:14:24,161 Skipping mht file: https://www.tempe.gov/historicpres/docs/2003%20IEBC-HPC011206.mht
2014-11-04 22:15:46,718 Skipping mht file: http://appropriations.senate.gov/hearmarkups/FinalStatementLtGenTaylor3May2006.mht
2014-11-04 22:17:56,000 Skipping mht file: http://www.consrv.ca.gov/omr/ab_3098_list/Documents/AB%203098%20October%203%202008.mht
2014-11-04 22:17:56,001 Skipping mht file: http://www.doa.virginia.gov/docs/General/FunctionalOrganizationChart.mht
2014-11-04 22:17:56,002 Skipping mht file: http://www.servealabama.gov/pp/revised%20IBC%20Citizen%20Corps%20Presentation.mht
2014-11-04 22:17:56,002 Skipping mht file: http://www.servealabama.gov/pp/CERT%20Initiatives%20Overview%2012-06%20FINAL.mht
2014-11-04 22:17:56,003 Skipping mht file: http://www.servealabama.gov/pp/Citizen%20Corps%20C%2006%20Lunch.mht
2014-11-04 22:19:56,961 Skipping mht file: http://www.ltgov.wa.gov/LCEDIR/LCEDIR/Aug%203rd%202004.mht
2014-11-04 22:19:56,961 Skipping mht file: http://www.deltami.gov:80/Survey/The_Plan.mht
2014-11-04 22:19:56,962 Skipping mht file: http://www.deltami.gov:80/Survey/documents/The_Plan.mht
2014-11-04 22:19:56,962 Skipping mht file: http://www.faa.gov:80/region/aso/hrmd/Top%20Ten.mht
2014-11-04 22:19:56,982 Skipping mht file: http://www.arserrc.gov/NAASafety/AffirmativeProcurementTraining.mht
2014-11-04 22:19:56,983 Skipping mht file: http://www.arserrc.gov/NAASafety/EMSaware.mht
2014-11-04 22:23:19,351 Skipping mht file: http://www.danbury-ct.gov/filestorage/39/publicaccess.mht
2014-11-04 22:23:19,351 Skipping mht file: http://www.pent.ca.gov/02NewInfoResearch/emails/08-23-04.mht
2014-11-04 22:23:19,351 Skipping mht file: http://www-dev.dva.wa.gov/GMAP/baldrigeleadershipteam/2005%20WA%20Soldiers%20Home%20Baldrige%20Assessment%20(Survey).mht
2014-11-04 22:27:09,741 Skipping mht file: http://www3.cancer.gov/rrp/CDRP/Telesynergy.mht
2014-11-04 22:29:55,497 Skipping mht file: http://www.ct.gov/dcf/lib/dcf/juvenile_services/mht/leone_keynote_address_5_11_06%5B1%5D.mht
2014-11-04 22:29:55,501 Skipping mht file: http://www.dmas.virginia.gov/downloads/pdfs/ch-EPSDT_PCare_Presentation_2006.mht
2014-11-04 22:29:55,502 Skipping mht file: http://www.dmas.virginia.gov/downloads/pdfs/ch-EPSDT_LeadTesting_2006.mht
2014-11-04 22:29:55,504 Skipping mht file: http://ohp.parks.ca.gov/pages/1072/files/great%20grant%20presentation.mht
2014-11-04 22:29:55,523 Skipping mht file: http://www.orau.gov/epscor2007/proceedings/019_Boes_AAAS_ASME.mht
2014-11-04 22:32:30,830 Skipping mht file: http://www.deltami.gov:80/community/news/non-motorized_study/The_Plan.mht
2014-11-04 22:32:30,836 Skipping mht file: http://www.ars.usda.gov:80/SP2UserFiles/Place/19000000/SHE/naaAPguide.mht
2014-11-04 22:32:30,836 Skipping mht file: http://www.ars.usda.gov:80/SP2UserFiles/Place/19000000/SHE/AffirmativeProcurementTraining.mht
2014-11-04 22:32:30,837 Skipping mht file: http://www.psc.sc.gov/reference/presentations/TriennialWorkshop2/Patton.mht
2014-11-04 22:32:30,838 Skipping mht file: http://www.psc.sc.gov/reference/presentations/TriennialWorkshop2/ORoark.mht
2014-11-04 22:35:49,538 Skipping mht file: https://www.tempe.gov/historicpres/docs/BHHD%2011-14-05%20PART3%20SectyStdsRehab.mht
2014-11-04 22:38:44,095 Skipping mht file: http://www.va.gov/biloxi/psychol/Residency%20Brochure%202006-2007%20rev%20%204-05internet.mht
2014-11-04 22:40:42,592 Skipping mht file: http://www.sanantonio.gov/clerk/minutes/2006/20060504.mht
2014-11-04 22:40:42,592 Skipping mht file: http://www.sanantonio.gov/clerk/minutes/2006/20060601.mht
2014-11-04 22:40:42,592 Skipping mht file: http://www.sanantonio.gov/clerk/minutes/2006/20060616.mht
2014-11-04 22:40:42,592 Skipping mht file: http://www.sanantonio.gov/clerk/minutes/2006/20060803.mht
2014-11-04 22:40:42,594 Skipping mht file: http://fishandgame.idaho.gov/ifwis/hdms/chinook/charts/RapidRiver.mht
2014-11-04 22:40:42,595 Skipping mht file: http://www.sde.idaho.gov/beta/tech_services/grants_contracts_docs/E-Rate.mht
2014-11-04 22:40:42,603 Skipping mht file: http://dnr.metrokc.gov/Wrias/9/archive/0412/SteerCom12-1-04/SciencePanelPrioritization12-1-04.mht
2014-11-04 22:40:42,603 Skipping mht file: http://dnr.metrokc.gov/Wrias/9/archive/0412/SteerCom12-9-04/SciencePanelPrioritization12-9-04.mht
2014-11-04 22:42:53,603 Skipping mht file: http://training.cit.nih.gov/notes/824/824lecture.mht
2014-11-04 22:42:53,613 Skipping mht file: http://www.deltami.gov:80/deltatrails/The_Plan.mht
2014-11-04 22:42:53,614 Skipping mht file: http://www.superiorcourt.maricopa.gov:80/lawlibrary/Images/Doc6.mht
2014-11-04 22:45:20,429 Skipping mht file: http://data2.itc.nps.gov/parks/mora/ppdocuments/GPRA04.mht
2014-11-04 22:47:47,241 Skipping mht file: http://www.sde.idaho.gov/site/tech_services/grants_contracts_docs/E-Rate.mht
2014-11-04 22:49:49,382 Skipping mht file: http://sage.ecr.gov:80/pdf/IntroECR.mht
2014-11-04 22:49:49,383 Skipping mht file: http://www.med.uscourts.gov:80/ecf/usermanual.mht
2014-11-04 22:49:49,384 Skipping mht file: http://www.schools.utah.gov:80/curr/STAR/ppt/STAR.mht
2014-11-04 22:49:49,384 Skipping mht file: http://www.ecy.wa.gov:80/programs/spills/prevention/transrule/Oil%20Transfer%20Studya.mht
2014-11-04 22:49:49,385 Skipping mht file: http://health.nashville.gov:80/web%20docs/ResultsMatterProgramPurpose.mht
2014-11-04 22:49:49,385 Skipping mht file: http://www.itsdocs.fhwa.dot.gov:80/speeches/madridvii2003.mht
2014-11-04 22:49:49,386 Skipping mht file: http://www.its.dot.gov:80/speeches/madridvii2003.mht
2014-11-04 22:49:49,387 Skipping mht file: http://www.faa.gov:80/safeflight21/Programs/ss-image.mht
2014-11-04 22:49:49,402 Skipping mht file: http://www.faa.gov:80/and/and500/510/Programs/ss-image.mht
2014-11-04 22:49:49,403 Skipping mht file: http://www.med.uscourts.gov:80/ecf/usermanual.mht
2014-11-04 22:49:49,403 Skipping mht file: http://bphc.hrsa.gov:80/nhdp/images/history/NHDP_MUSEUM_NEW/Exhibits_Museum/STANLEY_STEIN_W_TXT.mht
2014-11-04 22:49:49,425 Skipping mht file: http://www.ecy.wa.gov:80/programs/spills/preparedness/transrule/Oil%20Transfer%20Studya.mht
2014-11-04 22:49:49,425 Skipping mht file: http://www.cbrx.il.gov:80/aging/1aboutidoa/budget_fy06.mht
2014-11-04 22:52:52,912 Skipping mht file: http://www.marlborough-ma.gov/Home/I01184FF1.0/Doc1.mht
2014-11-04 22:52:52,918 Skipping mht file: http://dnr.metrokc.gov/Wrias/9/archive/0407/SteerCom/Water-Quality.mht
2014-11-04 22:52:52,918 Skipping mht file: http://dnr.metrokc.gov/Wrias/9/archive/0407/SteerCom/Science-Plan-Steps.mht
2014-11-04 22:52:52,919 Skipping mht file: http://www.oepic.ok.gov/carriers/overview.mht
2014-11-04 22:59:04,020 Skipping mht file: http://www.hawaii.gov/labor/wdc/hcrn/LINK%206%20HCRN%20TRG%20PRESENTATION%20HAMS%20CONFERENCE%202004.mht
2014-11-04 23:01:16,040 Skipping mht file: http://www.dva.wa.gov:80/GMAP/baldrigeleadershipteam/2005%20WA%20Soldiers%20Home%20Baldrige%20Assessment%20(Survey).mht
2014-11-04 23:01:16,040 Skipping mht file: http://www.wsd.wa.gov:80/board/documents/GMAP/Outreach_GMAP_06.mht
2014-11-04 23:01:16,041 Skipping mht file: http://www.wsd.wa.gov:80/board/documents/GMAP/HR_report09-01-06.mht
2014-11-04 23:01:16,041 Skipping mht file: http://fortress.wa.gov:80/dshs/maa/mip/files/WMIP%20Providers/WMIP%20PCP%20Merge%207-2006.mht
2014-11-04 23:01:16,041 Skipping mht file: http://dnr.metrokc.gov:80/Wrias/9/archive/0407/SteerCom/Juvenile-Survival.mht
2014-11-04 23:01:16,041 Skipping mht file: http://dnr.metrokc.gov:80/Wrias/9/archive/0407/SteerCom/Nearshore-Rearing.mht
2014-11-04 23:01:16,042 Skipping mht file: http://www.dop.wa.gov:80/NR/rdonlyres/9944EA5C-FA81-4D11-83D9-FD70F5676D70/0/Determine_Competencies_Job_Analysis_Training_Instructor_605.mht
2014-11-04 23:01:16,042 Skipping mht file: http://www.technology.gov:80/Events/2005/RFID/1005_Caprio.mht
2014-11-04 23:01:16,043 Skipping mht file: http://calais.itc.nrcs.usda.gov:80/IAS2002/docs/PRMSGoalsTraining.mht
2014-11-04 23:03:39,847 Skipping mht file: http://www.emcbc.doe.gov:80/files/7-11-06%20EMCBC%20Briefing.mht
2014-11-04 23:03:39,848 Skipping mht file: http://www.ntdprogram.gov:80/ntdprogram/seminars/2007rural/2007_NTD_Rural_Training.mht
2014-11-04 23:03:39,849 Skipping mht file: http://www.hawaii.gov/labor/wdc/hcrn/LINK%204%20Onet%20OnLine.mht
2014-11-04 23:03:39,849 Skipping mht file: http://www.hawaii.gov/labor/wdc/hcrn/Link%205.1.mht
2014-11-04 23:03:39,874 Skipping mht file: http://www.dot.il.gov/us136/mainStreet.mht
2014-11-04 23:06:17,370 Skipping mht file: http://www.in.gov/dot/business/consultants/ppt/VerticalSSD.mht
2014-11-04 23:06:17,371 Skipping mht file: http://www.in.gov/dot/business/consultants/ppt/HorizIntersecSD.mht
2014-11-04 23:08:19,195 Skipping mht file: http://splash.metrokc.gov/Wrias/9/archive/0407/SteerCom/Science-Plan-Steps.mht
2014-11-04 23:08:19,196 Skipping mht file: http://splash.metrokc.gov/Wrias/9/archive/0407/SteerCom/Juvenile-Survival.mht
2014-11-04 23:08:19,197 Skipping mht file: http://prms.nrcs.usda.gov:80/prms/help/PRMSGoalsTraining.mht
2014-11-04 23:08:19,200 Skipping mht file: http://www.deltami.gov:80/community/news/developments/non-motorized_study/The_Plan.mht
2014-11-04 23:08:19,200 Skipping mht file: http://www.arserrc.gov:80/naasafety/naaAPguide.mht
2014-11-04 23:08:19,200 Skipping mht file: http://www.arserrc.gov:80/NAASafety/EMSManuel.mht
2014-11-04 23:09:41,939 Skipping mht file: http://www.emsc.nysed.gov/osa/nyseslat/march2006.mht
2014-11-04 23:09:41,939 Skipping mht file: http://emsc33.nysed.gov/irts/accountability/2005-06/school-district-accountabilityrules-march2006-notransition.mht
2014-11-04 23:13:43,796 Skipping mht file: http://das.ohio.gov/gsd/Fams/CertTraining.mht
2014-11-04 23:13:43,797 Skipping mht file: http://www.mncourts.gov/documents/0/Public/Integration_Services/MNCIS_Integration_Examples_2005July26.mht
2014-11-04 23:13:43,798 Skipping mht file: http://www.psc.missouri.gov/publications/Wood_IRP_Pres.mht
2014-11-04 23:13:43,799 Skipping mht file: http://www.psc.missouri.gov/publications/Mantle_IRP_Pres.mht
2014-11-04 23:13:43,799 Skipping mht file: http://www.psc.missouri.gov/publications/Artman_IRP_Pres.mht
2014-11-04 23:13:43,799 Skipping mht file: http://www.psc.missouri.gov/publications/Micheel_IRP_Pres.mht
2014-11-04 23:16:39,737 Skipping mht file: http://www.in.gov/ocra/forms/Indiana%20Humanities%20Regional%20Forums/Anderson%20Regional%20Forum%20Invitation.mht
2014-11-04 23:16:39,737 Skipping mht file: http://www.in.gov/ocra/forms/Indiana%20Humanities%20Regional%20Forums/Lafayette%20Regional%20Forum%20Invitation.mht
2014-11-04 23:16:39,738 Skipping mht file: http://www.in.gov/ocra/forms/Indiana%20Humanities%20Regional%20Forums/Muncie%20Regional%20Forums%20Invite.mht
2014-11-04 23:16:39,738 Skipping mht file: http://www.in.gov/ocra/forms/Indiana%20Humanities%20Regional%20Forums/New%20Albany%20Regional%20Forums%20Invitation.mht
2014-11-04 23:16:39,756 Skipping mht file: http://www.das.ohio.gov:80/itgd/PDFs_EA/DesktopStds-PlanningSeminar.mht
2014-11-04 23:16:39,756 Skipping mht file: http://dnr.metrokc.gov:80/Wrias/9/archive/0407/SteerCom/Overview.mht
2014-11-04 23:16:39,756 Skipping mht file: http://dnr.metrokc.gov:80/Wrias/9/archive/0407/SteerCom/Historic-Current.mht
2014-11-04 23:16:39,757 Skipping mht file: http://dnr.metrokc.gov:80/Wrias/9/archive/0407/SteerCom/Future-Conditions.mht
2014-11-04 23:16:39,757 Skipping mht file: http://dnr.metrokc.gov:80/Wrias/9/archive/0407/SteerCom/Key-Findings-Overview.mht
2014-11-04 23:16:39,757 Skipping mht file: http://dnr.metrokc.gov:80/wrias/9/archive/0407/SteerCom/Hatchery-Wild-Interaction.mht
2014-11-04 23:16:39,757 Skipping mht file: http://dnr.metrokc.gov:80/wrias/9/archive/0407/SteerCom/Functional-Linkages-Two.mht
2014-11-04 23:16:39,758 Skipping mht file: http://www.its.dot.gov:80/itsweb/speeches/madridvii2003.mht
2014-11-04 23:16:39,758 Skipping mht file: http://www.ltgov.wa.gov:80/International/LCEDIR/Aug%203rd%202004.mht
2014-11-04 23:18:05,949 Skipping mht file: http://orise.orau.gov/healthcomm/files/WebTools.mht
2014-11-04 23:18:05,950 Skipping mht file: http://www.fas.usda.gov/icd/iraq/FASAfghanistan_Iraq.mht
2014-11-04 23:21:43,562 Skipping mht file: http://ohp.parks.ca.gov/pages/1072/files/good%20grant%20management.mht
2014-11-04 23:24:05,562 Skipping mht file: http://www.arserrc.gov:80/NAASafety/EMSGapAnalysis.mht
2014-11-04 23:24:05,563 Skipping mht file: http://www.med.uscourts.gov:80/ecf/usermanual.mht
2014-11-04 23:24:05,564 Skipping mht file: http://www.mn.nrcs.usda.gov:80/technical/ecs/nutrient/training/CropNutrientPresentation.mht
2014-11-04 23:26:44,017 Skipping mht file: http://www.schools.utah.gov/curr/IMC/aligntemp/socstu/SoStu_9.mht
2014-11-04 23:26:44,022 Skipping mht file: http://deq.mt.gov/AirQuality/Planning/Presentations/MissoulaWoodStoveProgram.mht
2014-11-04 23:26:44,022 Skipping mht file: http://leg.mt.gov/content/committees/interim/2007_2008/InterimOrientationRevised2_2007.mht
2014-11-04 23:26:44,023 Skipping mht file: http://deq.mt.gov/AirQuality/Planning/Presentations/Woodstovechangeout2007.mht
2014-11-04 23:26:44,024 Skipping mht file: http://dnrc.mt.gov/forestry/Fire/Training/Dispatchtraining.mht
2014-11-04 23:26:44,025 Skipping mht file: http://deq.mt.gov/FedSuperfund/SilverBowCreek/SBCconstruction.mht
2014-11-04 23:26:44,025 Skipping mht file: http://www.schools.utah.gov/curr/IMC/aligntemp/socstu/SoStu_4.mht
2014-11-04 23:26:44,025 Skipping mht file: http://www.udot.utah.gov/sr-12/assets/April%20Open%20House%20Presentation.mht
2014-11-04 23:26:44,026 Skipping mht file: http://www.udot.utah.gov/sr-12/assets/April%20CSC%20Meeting%20Presentation.mht
2014-11-04 23:26:44,026 Skipping mht file: http://www.schools.utah.gov/curr/IMC/aligntemp/sci/sci_4.mht
2014-11-04 23:26:44,026 Skipping mht file: http://www.az211.gov:80/documents/211%20CAC%20Presentation%2010-15-04.mht
2014-11-04 23:26:44,027 Skipping mht file: http://www.azre.gov/COMMISH/Documents/Budget_Presentation-012907.mht
2014-11-04 23:26:44,027 Skipping mht file: http://www.aztreasury.gov/media/Treasurer%20Dean%20Martin%20State%20Land%20Endowments%20NRRA%201-24-07.mht
2014-11-04 23:26:44,027 Skipping mht file: http://sic.sc.gov/NR/rdonlyres/F6A91172-6A24-464E-AB8A-0E358EC93B7D/0/SIC_Basics_PowerPoint.mht
2014-11-04 23:26:44,027 Skipping mht file: http://sic.sc.gov/NR/rdonlyres/F6A91172-6A24-464E-AB8A-0E358EC93B7D/0/SIC_Basics_PowerPoint.mht
2014-11-04 23:26:44,028 Skipping mht file: http://www.udot.utah.gov/sr68-500south/images/assets/Open_House_Boards_2.mht
2014-11-04 23:26:44,028 Skipping mht file: http://www.udot.utah.gov/sr68-500south/images/assets/Horizontal_Boards.mht
2014-11-04 23:26:44,029 Skipping mht file: http://www.udot.utah.gov/sr68-500south/images/assets/Open_House_Boards_1.mht
2014-11-04 23:26:44,029 Skipping mht file: http://www.udot.utah.gov/sr68-500south/images/assets/Vertical_Boards.mht
2014-11-04 23:26:44,029 Skipping mht file: http://www.udot.utah.gov/sr-12/assets/Final%20Presentation%20for%20Meeting%203.mht
2014-11-04 23:28:08,185 Skipping mht file: http://www-drendel.fnal.gov/meetings/Integration/LuminosityPredictor/previous%20tool/Store%204628%20-%201153e30.mht
2014-11-04 23:28:08,186 Skipping mht file: http://www-drendel.fnal.gov/meetings/Integration/LuminosityPredictor/previous%20tool/Store%204228%20-%201153e30.mht
2014-11-04 23:28:08,187 Skipping mht file: http://www-drendel.fnal.gov/meetings/Integration/LuminosityPredictor/previous%20tool/Store%204623%20-%2099.47e30.mht
2014-11-04 23:28:08,187 Skipping mht file: http://www-drendel.fnal.gov/meetings/Integration/LuminosityPredictor/previous%20tool/Luminosity%20Predictor%20Excel%20Spreadsheet.mht
2014-11-04 23:28:08,188 Skipping mht file: http://www-drendel.fnal.gov/meetings/Integration/LuminosityPredictor/previous%20tool/Store%204618%20-%201106e30.mht
2014-11-04 23:28:08,188 Skipping mht file: http://www-drendel.fnal.gov/meetings/Integration/LuminosityPredictor/previous%20tool/Store%204631%20-%20726e30.mht
2014-11-04 23:28:08,189 Skipping mht file: http://www-drendel.fnal.gov/meetings/Integration/LuminosityPredictor/previous%20tool/Store%204627-%20857e30.mht
2014-11-04 23:28:08,189 Skipping mht file: http://www-drendel.fnal.gov/meetings/Integration/LuminosityPredictor/previous%20tool/Store%204621%20-%206795e30.mht
2014-11-04 23:28:08,189 Skipping mht file: http://www.grrec.ky.gov/sss.mht
2014-11-04 23:28:08,189 Skipping mht file: http://www.placer.ca.gov/upload/images/2003%20annual%20crop%20report.mht
2014-11-04 23:28:08,190 Skipping mht file: http://www.webbcountytx.gov/Sheriff/Weed_and_Seed_Spanish_Newsletter.mht
2014-11-04 23:28:08,210 Skipping mht file: http://www.ars.usda.gov/SP2UserFiles/Place/19000000/SHE/EMSManuel.mht
2014-11-04 23:28:08,213 Skipping mht file: http://energycommerce.house.gov/cmte_mtgs/GAO-Depleted%20uranium%20cylinder%20pictures.mht
2014-11-04 23:29:50,214 Skipping mht file: http://www.hawaii.gov/labor/hiosh/ppt/HIOSH%20Annual_Performance_Report_HIOSH_Adv_Comm_11-17-05.mht
2014-11-04 23:29:50,236 Skipping mht file: http://www.metrokc.gov/kcscc/StartNewCase_08-08-25_webpage.mht
2014-11-04 23:29:50,237 Skipping mht file: http://nas.er.usgs.gov/presentations/posters/NBIINISbase.mht
2014-11-04 23:29:50,240 Skipping mht file: http://training.cit.nih.gov/notes/824/exercises.mht
2014-11-04 23:31:21,787 Skipping mht file: http://www.tempe.gov/historicpres/RooseveltAddition.mht
2014-11-04 23:31:21,787 Skipping mht file: http://www.metrokc.gov/kcscc/E-FilingDocument_08-08-25_webpage.mht
2014-11-04 23:31:21,788 Skipping mht file: http://ffas.usda.gov/icd/drd/CADI/CADiPresentation.mht
2014-11-04 23:31:47,195 Skipping mht file: http://www-nrd.nhtsa.dot.gov:80/pdf/nrd-50/Ciren/2006/Mich_0306/MI%20March%20NHTSA%20Powerpoint.mht
2014-11-04 23:31:47,196 Skipping mht file: http://www.capitol.tn.gov/joint/committees/fiscal-review/docs/Edison%20Update%20to%20Fiscal%20Review%20Dec%202007.mht
2014-11-04 23:31:47,196 Skipping mht file: http://www.capitol.tn.gov/joint/committees/fiscal-review/archives/104ga/Reports/SFB%2012-15-06(FINAL).mht
2014-11-04 23:32:48,514 Skipping mht file: http://splash.metrokc.gov/Wrias/9/archive/0407/SteerCom/Hatchery-Wild-Interaction.mht
2014-11-04 23:32:48,514 Skipping mht file: http://splash.metrokc.gov/Wrias/9/archive/0407/SteerCom/Nearshore-Rearing.mht
2014-11-04 23:32:48,515 Skipping mht file: http://splash.metrokc.gov/Wrias/9/archive/0407/SteerCom/Overview.mht
2014-11-04 23:32:48,515 Skipping mht file: http://splash.metrokc.gov/Wrias/9/archive/0407/SteerCom/Functional-Linkages-Two.mht
2014-11-04 23:32:48,516 Skipping mht file: http://splash.metrokc.gov/Wrias/9/archive/0407/SteerCom/Water-Quality.mht
2014-11-04 23:32:48,516 Skipping mht file: http://splash.metrokc.gov/Wrias/9/archive/0407/SteerCom/Key-Findings-Overview.mht
2014-11-04 23:32:48,517 Skipping mht file: http://splash.metrokc.gov/Wrias/9/archive/0412/SteerCom12-1-04/SciencePanelPrioritization12-1-04.mht
2014-11-04 23:32:48,518 Skipping mht file: http://splash.metrokc.gov/Wrias/9/archive/0412/SteerCom12-9-04/SciencePanelPrioritization12-9-04.mht
2014-11-04 23:32:48,525 Skipping mht file: http://www.fws.gov/nwi/PubsReports/presentations/2007%20National%20Cowardin%20PowerPoint%20Web.mht
2014-11-04 23:32:48,525 Skipping mht file: https://www.tempe.gov/historicpres/docs/2003%20IEBC-HPC011206.mht
2014-11-04 23:37:34,556 Skipping mht file: http://www.servealabama.gov/pp/AL%20Citizen%20Corps%20Conference%20Mobile12%2013-15%2006.mht
2014-11-04 23:37:34,557 Skipping mht file: http://www.servealabama.gov/pp/Citizens%20Corp.mht
2014-11-04 23:37:34,562 Skipping mht file: http://www.hawaii.gov/labor/wdc/ppt/BIWCwhers.mht
2014-11-04 23:37:34,563 Skipping mht file: http://ffas.usda.gov/icd/iraq/FASAfghanistan_Iraq.mht
2014-11-04 23:37:34,563 Skipping mht file: https://www.tempe.gov/historicpres/docs/Borden%20Homes%20Historic%20District%20111405.mht
2014-11-04 23:37:34,564 Skipping mht file: http://hawaii.gov/labor/hiosh/ppt/HIOSH%20Annual-Performance-Report-HIOSH-Adv-Comm-11-17-05.mht
2014-11-04 23:37:34,565 Skipping mht file: http://www.hawaii.gov/labor/wdc/ppt/CC_Planning_Issues_and_Directions.mht
2014-11-04 23:38:07,147 Skipping mht file: http://www.hawaii.gov/labor/wdc/ppt/NGA_Project_Overview_Dec05.mht
2014-11-04 23:38:07,148 Skipping mht file: http://wwwc.house.gov/international_relations/109/zoe051006.mht
2014-11-04 23:38:07,149 Skipping mht file: http://www.cdc.gov/cancer/colorectal/call_to_action/calltoaction.mht
2014-11-04 23:38:07,151 Skipping mht file: http://www.psc.mo.gov/publications/Artman_IRP_Pres.mht
2014-11-04 23:38:07,152 Skipping mht file: http://www.psc.mo.gov/publications/Mantle_IRP_Pres.mht
2014-11-04 23:38:07,152 Skipping mht file: http://www.psc.mo.gov/publications/Micheel_IRP_Pres.mht
2014-11-04 23:38:07,152 Skipping mht file: http://www.psc.mo.gov/publications/Wood_IRP_Pres.mht
2014-11-04 23:38:07,180 Skipping mht file: http://www.med.uscourts.gov/ecf/usermanual.mht
2014-11-04 23:38:07,180 Skipping mht file: http://emergencyservices.catawbacountync.gov/esapps/emsref/DL9.mht
2014-11-04 23:38:07,180 Skipping mht file: http://emergencyservices.catawbacountync.gov/esapps/emsref/DL57.mht
2014-11-04 23:38:07,181 Skipping mht file: http://emergencyservices.catawbacountync.gov/esapps/emsref/AP17.mht
2014-11-04 23:38:07,181 Skipping mht file: http://emergencyservices.catawbacountync.gov/esapps/emsref/SP7.mht
2014-11-04 23:38:07,184 Skipping mht file: http://wwwa.house.gov/international_relations/109/zoe051006.mht
2014-11-04 23:38:07,184 Skipping mht file: http://www.internationalrelations.house.gov/archives/109/zoe051006.mht
2014-11-04 23:42:24,072 Skipping mht file: https://www.tempe.gov/historicpres/docs/BHHD%2011-14-05%20PART2%20SHPO-NRHP.mht
2014-11-04 23:42:24,073 Skipping mht file: https://www.tempe.gov/historicpres/docs/BHHD%2011-14-05%20PART4%20Design%20Review.mht
2014-11-04 23:42:24,073 Skipping mht file: https://www.tempe.gov/historicpres/Borden%20Homes%20Historic%20District%20111405.mht
2014-11-04 23:42:24,082 Skipping mht file: http://www.montanacourts.mt.gov/library/guides/Search%20Like%20a%20Pro.mht
2014-11-04 23:42:24,082 Skipping mht file: http://finance.ky.gov/NR/rdonlyres/05096943-D7F6-4B94-9751-FB41F589FCA2/0/EOUserGroup208.mht
2014-11-04 23:42:24,082 Skipping mht file: http://www.franklincounty.ky.gov/NR/rdonlyres/BE45C918-5D93-4B95-BD1A-3218A548680D/0/Webpagelist2008.mht
2014-11-04 23:42:24,083 Skipping mht file: http://www.sde.idaho.gov/WeeklyFeature/docs/SuperintendentsMeeting/Annual_Superintendents_Meeting_Certification.mht
2014-11-04 23:42:24,084 Skipping mht file: http://www.pent.ca.gov/02NewInfoResearch/emails/04-09-04.mht
2014-11-04 23:42:24,104 Skipping mht file: http://www.marlborough-ma.gov/Gen/MarlboroughMA_Announcemt/I01184FF1.0/Doc1.mht
2014-11-04 23:45:01,898 Skipping mht file: http://www.in.gov/dot/business/consultants/ppt/Superelevation.mht
2014-11-04 23:45:01,899 Skipping mht file: http://www.in.gov/dot/business/consultants/ppt/SightDistanceIntro.mht
2014-11-04 23:46:12,222 Skipping mht file: http://www.chbr.noaa.gov/easi/products/EA2005.mht
2014-11-04 23:46:12,223 Skipping mht file: http://www.ne.nrcs.usda.gov/programs/CCPI_FY06.mht
2014-11-04 23:46:12,224 Skipping mht file: http://courts.mt.gov/library/guides/Search%20Like%20a%20Pro.mht
2014-11-04 23:46:12,229 Skipping mht file: http://www.fws.gov/nwi/Pubs_Reports/2007%20National%20Cowardin%20PowerPoint%20Web.mht
2014-11-04 23:46:12,236 Skipping mht file: http://ceic.mt.gov/new_site/publicatons/econcensuspressrelease.mht
2014-11-04 23:46:12,236 Skipping mht file: http://sic.sc.gov/NR/rdonlyres/F6A91172-6A24-464E-AB8A-0E358EC93B7D/0/SIC_Basics_PowerPoint.mht
2014-11-04 23:46:12,236 Skipping mht file: http://itsd.mt.gov/policy/councils/itmc/Sept06/ITMC_ESSC_Proposal_-_2006_Sep_06.mht
2014-11-04 23:46:12,259 Skipping mht file: http://hirc.house.gov/archives/109/zoe051006.mht
2014-11-04 23:46:12,266 Skipping mht file: http://www3.cancer.gov/rrp/CDRP/CDRP.mht
2014-11-04 23:48:41,917 Skipping mht file: http://appropriations.senate.gov/hearmarkups/FinalStatementLtGenTaylor3May2006.mht
2014-11-04 23:50:05,269 Skipping mht file: http://www.consrv.ca.gov/omr/ab_3098_list/Documents/AB%203098%20October%203%202008.mht
2014-11-04 23:50:05,269 Skipping mht file: http://www.doa.virginia.gov/docs/General/FunctionalOrganizationChart.mht
2014-11-04 23:50:05,270 Skipping mht file: http://www.servealabama.gov/pp/revised%20IBC%20Citizen%20Corps%20Presentation.mht
2014-11-04 23:50:05,271 Skipping mht file: http://www.servealabama.gov/pp/CERT%20Initiatives%20Overview%2012-06%20FINAL.mht
2014-11-04 23:50:05,271 Skipping mht file: http://www.servealabama.gov/pp/Citizen%20Corps%20C%2006%20Lunch.mht
2014-11-04 23:51:18,051 Skipping mht file: http://www.ltgov.wa.gov/LCEDIR/LCEDIR/Aug%203rd%202004.mht
2014-11-04 23:51:18,052 Skipping mht file: http://www.deltami.gov:80/Survey/The_Plan.mht
2014-11-04 23:51:18,052 Skipping mht file: http://www.deltami.gov:80/Survey/documents/The_Plan.mht
2014-11-04 23:51:18,052 Skipping mht file: http://www.faa.gov:80/region/aso/hrmd/Top%20Ten.mht
2014-11-04 23:51:18,073 Skipping mht file: http://www.arserrc.gov/NAASafety/AffirmativeProcurementTraining.mht
2014-11-04 23:51:18,073 Skipping mht file: http://www.arserrc.gov/NAASafety/EMSaware.mht
2014-11-04 23:53:20,977 Skipping mht file: http://www.danbury-ct.gov/filestorage/39/publicaccess.mht
2014-11-04 23:53:20,977 Skipping mht file: http://www.pent.ca.gov/02NewInfoResearch/emails/08-23-04.mht
2014-11-04 23:53:20,977 Skipping mht file: http://www-dev.dva.wa.gov/GMAP/baldrigeleadershipteam/2005%20WA%20Soldiers%20Home%20Baldrige%20Assessment%20(Survey).mht
2014-11-04 23:56:27,053 Skipping mht file: http://www3.cancer.gov/rrp/CDRP/Telesynergy.mht
2014-11-04 23:58:39,278 Skipping mht file: http://www.ct.gov/dcf/lib/dcf/juvenile_services/mht/leone_keynote_address_5_11_06%5B1%5D.mht
2014-11-04 23:58:39,282 Skipping mht file: http://www.dmas.virginia.gov/downloads/pdfs/ch-EPSDT_PCare_Presentation_2006.mht
2014-11-04 23:58:39,283 Skipping mht file: http://www.dmas.virginia.gov/downloads/pdfs/ch-EPSDT_LeadTesting_2006.mht
2014-11-04 23:58:39,285 Skipping mht file: http://ohp.parks.ca.gov/pages/1072/files/great%20grant%20presentation.mht
2014-11-04 23:58:39,303 Skipping mht file: http://www.orau.gov/epscor2007/proceedings/019_Boes_AAAS_ASME.mht
2014-11-05 00:00:18,302 Skipping mht file: http://www.deltami.gov:80/community/news/non-motorized_study/The_Plan.mht
2014-11-05 00:00:18,307 Skipping mht file: http://www.ars.usda.gov:80/SP2UserFiles/Place/19000000/SHE/naaAPguide.mht
2014-11-05 00:00:18,308 Skipping mht file: http://www.ars.usda.gov:80/SP2UserFiles/Place/19000000/SHE/AffirmativeProcurementTraining.mht
2014-11-05 00:00:18,309 Skipping mht file: http://www.psc.sc.gov/reference/presentations/TriennialWorkshop2/Patton.mht
2014-11-05 00:00:18,309 Skipping mht file: http://www.psc.sc.gov/reference/presentations/TriennialWorkshop2/ORoark.mht
2014-11-05 00:02:36,029 Skipping mht file: http://www.va.gov/biloxi/psychol/Residency%20Brochure%202006-2007%20rev%20%204-05internet.mht
2014-11-05 00:04:13,272 Skipping mht file: https://www.tempe.gov/historicpres/docs/BHHD%2011-14-05%20PART3%20SectyStdsRehab.mht
2014-11-05 00:06:30,708 Skipping mht file: http://www.sanantonio.gov/clerk/minutes/2006/20060504.mht
2014-11-05 00:06:30,708 Skipping mht file: http://www.sanantonio.gov/clerk/minutes/2006/20060601.mht
2014-11-05 00:06:30,708 Skipping mht file: http://www.sanantonio.gov/clerk/minutes/2006/20060616.mht
2014-11-05 00:06:30,708 Skipping mht file: http://www.sanantonio.gov/clerk/minutes/2006/20060803.mht
2014-11-05 00:06:30,710 Skipping mht file: http://fishandgame.idaho.gov/ifwis/hdms/chinook/charts/RapidRiver.mht
2014-11-05 00:06:30,711 Skipping mht file: http://www.sde.idaho.gov/beta/tech_services/grants_contracts_docs/E-Rate.mht
2014-11-05 00:06:30,718 Skipping mht file: http://dnr.metrokc.gov/Wrias/9/archive/0412/SteerCom12-1-04/SciencePanelPrioritization12-1-04.mht
2014-11-05 00:06:30,719 Skipping mht file: http://dnr.metrokc.gov/Wrias/9/archive/0412/SteerCom12-9-04/SciencePanelPrioritization12-9-04.mht
2014-11-05 00:08:00,085 Skipping mht file: http://data2.itc.nps.gov/parks/mora/ppdocuments/GPRA04.mht
2014-11-05 00:10:21,403 Skipping mht file: http://training.cit.nih.gov/notes/824/824lecture.mht
2014-11-05 00:10:21,410 Skipping mht file: http://www.deltami.gov:80/deltatrails/The_Plan.mht
2014-11-05 00:10:21,410 Skipping mht file: http://www.superiorcourt.maricopa.gov:80/lawlibrary/Images/Doc6.mht
2014-11-05 00:12:12,556 Skipping mht file: http://www.sde.idaho.gov/site/tech_services/grants_contracts_docs/E-Rate.mht
2014-11-05 01:34:31,481 Skipping mht file: http://appropriations.senate.gov/hearmarkups/06131C2_Hearing_Stmt_SAC-D_RDML_Bruzek-Kohler_Dir_NC_final_draft_to_Security2.mht
2014-11-05 01:34:31,485 Skipping mht file: http://appropriations.senate.gov/hearmarkups/GenPace-SAC-DPOSTUREHEARING.mht
2014-11-05 14:47:43,409 Skipping mht file: http://www.justice.gov/usao/can/press/html/2005_09_26_maersk.mht
2014-11-05 18:01:05,000 Skipping mht file: http://hutchison.senate.gov/May2006Newsletter.mht
2014-11-05 20:01:49,202 Skipping mht file: http://appropriations.senate.gov/hearmarkups/bunn-gnep-testimony.mht
2014-11-06 05:21:37,080 Skipping mht file: http://www.senate.gov/%7Ehutchison/May2006Newsletter.mht
2014-11-06 08:40:34,599 Skipping mht file: http://appropriations.senate.gov/hearmarkups/BioterrorismHearing_Cilluffo_Testimony.mht
2014-11-06 09:38:53,799 Skipping mht file: http://www.psat.wa.gov/Publications/shoreline_toolkit/linked_files/bi_cd_contents/Shoreline_Stewardship_CD_files/Presentation1a.mht
2014-11-06 10:14:24,500 Skipping mht file: http://www.cpc.ncep.noaa.gov:80/products/african_desk/rain_guidance/COF16%20statement-1.mht
2014-11-06 10:23:59,669 Skipping mht file: http://www.cpc.noaa.gov/products/african_desk/rain_guidance/COF16%20statement-1.mht
2014-11-06 10:43:09,964 Skipping mht file: http://www.ocio.usda.gov:80/directives/doc/DM%202300-001_061510.mht
2014-11-06 11:00:48,715 Skipping mht file: http://www.revenue.ne.gov:80/cntr-spring2005.mht
2014-11-06 11:43:25,862 Skipping mht file: http://www.cpc.ncep.noaa.gov/products/african_desk/rain_guidance/resultat_PRESAO-08_Prec_Hydr_Eng.mht
2014-11-06 12:49:09,124 Skipping mht file: http://appropriations.senate.gov:80/hearmarkups/FY06Hurricane&WarSupp.mht
2014-11-06 13:30:46,038 Skipping mht file: http://home.nps.gov:80/applications/parks/mora/ppdocuments/GPRA04.mht
2014-11-06 16:32:42,593 Skipping mht file: http://www.northfield-vt.gov:80/text/Zoning/Municipal_Plan.mht
2014-11-06 20:28:35,864 Skipping mht file: http://www.adem.arkansas.gov/documents/Earthquake/Images/Chile%20Earthquake%20Relief%20Efforts3-2010.mht
2014-11-06 20:41:55,330 Skipping mht file: http://arkansasfacilities.arkansas.gov/transportation/New%20Folder/Special%20Needs%20Bus%20Drivers%20.mht
2014-11-06 21:06:03,491 Skipping mht file: http://www.in.gov/oea/decisions/101309_2009OEA132_Buds_Body_Shop.mht
2014-11-06 21:06:03,494 Skipping mht file: http://www.in.gov/oea/decisions/032009_2009OEA16_Town_of_Bloomfield.mht
2014-11-06 21:06:03,495 Skipping mht file: http://www.in.gov/oea/decisions/092209_2009OEA126_McClure_Oil_Corporation.mht
2014-11-06 21:06:03,495 Skipping mht file: http://www.in.gov/oea/decisions/073009_2009OEA109_Donna_and_William_Landers.mht
2014-11-06 22:06:01,821 Skipping mht file: http://lynnjenkins.house.gov//uploads/2009Approps(2).mht
2014-11-06 22:27:21,036 Skipping mht file: http://arkansasfacilities.arkansas.gov/transportation/TransInfo/Special%20Needs%20Bus%20Drivers%20.mht
2014-11-06 22:45:58,526 Skipping mht file: http://www.schools.utah.gov/curr/IMC/aligntemp/health/Health9-12.mht
2014-11-06 22:45:58,526 Skipping mht file: http://www.schools.utah.gov/curr/IMC/aligntemp/socstu/SoStu_4.mht
2014-11-06 22:45:58,526 Skipping mht file: http://www.schools.utah.gov/curr/IMC/aligntemp/socstu/sostu_6.mht
2014-11-06 22:45:58,526 Skipping mht file: http://www.schools.utah.gov/curr/IMC/aligntemp/sci/sci_9.mht
2014-11-06 22:45:58,528 Skipping mht file: http://www.servealabama.gov/Power%20Points%20Dec%202006/Citizen%20Corps%20C%2006%20Lunch.mht
2014-11-06 22:56:21,232 Skipping mht file: http://www.schools.utah.gov/curr/IMC/aligntemp/health/Health9-12.mht
2014-11-06 22:56:21,232 Skipping mht file: http://www.schools.utah.gov/curr/IMC/aligntemp/socstu/sostu_6.mht
2014-11-06 22:56:21,232 Skipping mht file: http://www.schools.utah.gov/curr/IMC/aligntemp/arts/5_theater.mht
2014-11-07 05:20:49,755 Skipping mht file: http://alleghanycounty-nc.gov/minutes/02-19-07r.mht
2014-11-07 06:40:03,018 Skipping mht file: http://www.waterplan.water.ca.gov/docs/public_comments/update2009/2009/marked/comments_responses_cwp-prd(11-17-09)w-stats.mht
2014-11-07 13:56:42,353 Skipping mht file: http://www.servealabama.gov/Power%20Points%20Dec%202006/revised%20IBC%20Citizen%20Corps%20Presentation.mht
